2025-03-24 23:04:18,423 - INFO - Namespace(epochs=30, batch_size=8, max_length=10, hidden_size=1024, vocab_size=3500, threshold=0.5, num_layers=2, lr=0.0001, delta1=0.1, delta2=0.3, beam_width=1, dropout=0.2, encoder_size=2048, decoder_size=1024, num_head=8, keyword_vocab_size=598, num_workers=8, log_interval=500, save_path='results', image_path='/data/eyenet0420', ann_path='data', randaug=None, resnet_dim=2048, device='cuda', accum_steps=8, early_stopping=10, project_root='/mnt/c/D-ExpertTransformer')
2025-03-24 23:04:18,425 - INFO - Epoch 1:
2025-03-24 23:04:20,845 - INFO - Batch 2/1178 Loss: 0.0006
2025-03-25 11:16:49,731 - INFO - Namespace(epochs=30, batch_size=8, max_length=10, hidden_size=1024, vocab_size=3500, threshold=0.5, num_layers=2, lr=0.0001, delta1=0.1, delta2=0.3, beam_width=1, dropout=0.2, encoder_size=2048, decoder_size=1024, num_head=8, keyword_vocab_size=598, num_workers=8, log_interval=500, save_path='results', image_path='/data/eyenet0420', ann_path='data', randaug=None, resnet_dim=2048, device='cuda', accum_steps=8, early_stopping=10, project_root='/mnt/c/D-ExpertTransformer')
2025-03-25 11:16:49,732 - INFO - Epoch 1:
2025-03-25 11:23:45,260 - INFO - Namespace(epochs=30, batch_size=8, max_length=10, hidden_size=1024, vocab_size=3500, threshold=0.5, num_layers=2, lr=0.0001, delta1=0.1, delta2=0.3, beam_width=1, dropout=0.2, encoder_size=2048, decoder_size=1024, num_head=8, keyword_vocab_size=598, num_workers=8, log_interval=500, save_path='results', image_path='/data/eyenet0420', ann_path='data', randaug=None, resnet_dim=2048, device='cuda', accum_steps=8, early_stopping=10, project_root='/mnt/c/D-ExpertTransformer')
2025-03-25 11:23:45,263 - INFO - Epoch 1:
2025-03-25 11:23:49,753 - INFO - Batch 2/1178 Loss: 0.0040
2025-03-25 11:24:57,749 - INFO - Batch 500/1178 Loss: 0.5314
2025-03-25 11:26:05,189 - INFO - Batch 1000/1178 Loss: 0.4544
2025-03-25 11:31:46,726 - INFO - Epoch 1 - Evaluation scores:
2025-03-25 11:31:46,733 - INFO - BLEU_1: 0.2418405875617771
2025-03-25 11:31:46,734 - INFO - BLEU_2: 0.2077333378861178
2025-03-25 11:31:46,734 - INFO - BLEU_3: 0.18638171353957717
2025-03-25 11:31:46,734 - INFO - BLEU_4: 0.16420579888170675
2025-03-25 11:31:46,735 - INFO - METEOR: 0.1046619303670768
2025-03-25 11:31:46,736 - INFO - CIDER: 0.1984249866120973
2025-03-25 11:31:46,736 - INFO - ROUGE_L: 0.28421381459971273
2025-03-25 11:36:56,422 - INFO - Epoch 1 - Test scores:
2025-03-25 11:36:56,430 - INFO - BLEU_1: 0.16464349081174365
2025-03-25 11:36:56,431 - INFO - BLEU_2: 0.07514912821951915
2025-03-25 11:36:56,431 - INFO - BLEU_3: 6.368394903892858e-07
2025-03-25 11:36:56,432 - INFO - BLEU_4: 2.0516620276159237e-09
2025-03-25 11:36:56,433 - INFO - METEOR: 0.0821645747527632
2025-03-25 11:36:56,433 - INFO - CIDER: 0.15534321432108503
2025-03-25 11:36:56,434 - INFO - ROUGE_L: 0.2167593177884246
2025-03-25 11:36:56,436 - INFO - Best epoch: 1
2025-03-25 11:36:56,437 - INFO - ---------------------------------------------------------------------------------------------------------------------
2025-03-25 11:36:56,438 - INFO - Epoch 2:
2025-03-25 11:36:57,581 - INFO - Batch 2/1178 Loss: 0.0016
